[==========] Running 35 tests from 7 test suites.
[----------] Global test environment set-up.
[----------] 6 tests from VertexTest
[ RUN      ] VertexTest.TestName
[       OK ] VertexTest.TestName (0 ms)
[ RUN      ] VertexTest.TestID
[       OK ] VertexTest.TestID (0 ms)
[ RUN      ] VertexTest.TestSettlement
[       OK ] VertexTest.TestSettlement (0 ms)
[ RUN      ] VertexTest.TestFriend
[       OK ] VertexTest.TestFriend (0 ms)
[ RUN      ] VertexTest.TestCoordinates
[       OK ] VertexTest.TestCoordinates (0 ms)
[ RUN      ] VertexTest.TestAmenities
[       OK ] VertexTest.TestAmenities (0 ms)
[----------] 6 tests from VertexTest (1 ms total)

[----------] 1 test from VertexTest2
[ RUN      ] VertexTest2.FullInstantiation
[       OK ] VertexTest2.FullInstantiation (0 ms)
[----------] 1 test from VertexTest2 (0 ms total)

[----------] 8 tests from RoutePlannerUtilsTest
[ RUN      ] RoutePlannerUtilsTest.GetRandomNumber
[       OK ] RoutePlannerUtilsTest.GetRandomNumber (2 ms)
[ RUN      ] RoutePlannerUtilsTest.MinToHour
[       OK ] RoutePlannerUtilsTest.MinToHour (0 ms)
[ RUN      ] RoutePlannerUtilsTest.CharToIndex
[       OK ] RoutePlannerUtilsTest.CharToIndex (0 ms)
[ RUN      ] RoutePlannerUtilsTest.IndexToChar
[       OK ] RoutePlannerUtilsTest.IndexToChar (0 ms)
[ RUN      ] RoutePlannerUtilsTest.enum2Str
[       OK ] RoutePlannerUtilsTest.enum2Str (0 ms)
[ RUN      ] RoutePlannerUtilsTest.ContainsNonAlpha
[       OK ] RoutePlannerUtilsTest.ContainsNonAlpha (0 ms)
[ RUN      ] RoutePlannerUtilsTest.MakeLowerCase
[       OK ] RoutePlannerUtilsTest.MakeLowerCase (0 ms)
[ RUN      ] RoutePlannerUtilsTest.MakeSentenceCase
[       OK ] RoutePlannerUtilsTest.MakeSentenceCase (0 ms)
[----------] 8 tests from RoutePlannerUtilsTest (3 ms total)

[----------] 11 tests from GraphTest
[ RUN      ] GraphTest.TestDefaultValues
[       OK ] GraphTest.TestDefaultValues (1 ms)
[ RUN      ] GraphTest.TestAddVertex
[       OK ] GraphTest.TestAddVertex (1 ms)
[ RUN      ] GraphTest.TestAddVertex2
[       OK ] GraphTest.TestAddVertex2 (1 ms)
[ RUN      ] GraphTest.GetVertexPointer
[       OK ] GraphTest.GetVertexPointer (1 ms)
[ RUN      ] GraphTest.AddEdge
[       OK ] GraphTest.AddEdge (1 ms)
[ RUN      ] GraphTest.AddEdges
[       OK ] GraphTest.AddEdges (1 ms)
[ RUN      ] GraphTest.GetCost
[       OK ] GraphTest.GetCost (1 ms)
[ RUN      ] GraphTest.GetAdjacentVert1
[       OK ] GraphTest.GetAdjacentVert1 (1 ms)
[ RUN      ] GraphTest.GetAdjacentVert2
[       OK ] GraphTest.GetAdjacentVert2 (1 ms)
[ RUN      ] GraphTest.GetAdjacentVert3
[       OK ] GraphTest.GetAdjacentVert3 (1 ms)
[ RUN      ] GraphTest.GetAdjacentVert4
[       OK ] GraphTest.GetAdjacentVert4 (1 ms)
[----------] 11 tests from GraphTest (16 ms total)

[----------] 4 tests from DijkstraTest
[ RUN      ] DijkstraTest.TestGetPaths_TimeCost
[       OK ] DijkstraTest.TestGetPaths_TimeCost (0 ms)
[ RUN      ] DijkstraTest.TestGetPaths_DistCost
[       OK ] DijkstraTest.TestGetPaths_DistCost (0 ms)
[ RUN      ] DijkstraTest.TestReconstructPaths_TimeCost
[       OK ] DijkstraTest.TestReconstructPaths_TimeCost (0 ms)
[ RUN      ] DijkstraTest.TestReconstructPaths_DistCost
[       OK ] DijkstraTest.TestReconstructPaths_DistCost (0 ms)
[----------] 4 tests from DijkstraTest (2 ms total)

[----------] 4 tests from PrefixTreeTest
[ RUN      ] PrefixTreeTest.TestInsert
[       OK ] PrefixTreeTest.TestInsert (0 ms)
[ RUN      ] PrefixTreeTest.TestSearch
[       OK ] PrefixTreeTest.TestSearch (0 ms)
[ RUN      ] PrefixTreeTest.TestFindAll
[       OK ] PrefixTreeTest.TestFindAll (0 ms)
[ RUN      ] PrefixTreeTest.TestFindAllV
[       OK ] PrefixTreeTest.TestFindAllV (0 ms)
[----------] 4 tests from PrefixTreeTest (1 ms total)

[----------] 1 test from PrimTest
[ RUN      ] PrimTest.Test1
[       OK ] PrimTest.Test1 (0 ms)
[----------] 1 test from PrimTest (0 ms total)

[----------] Global test environment tear-down
[==========] 35 tests from 7 test suites ran. (28 ms total)
[  PASSED  ] 35 tests.
