Tue, Jul  9, 2024  9:40:03 AM
[==========] Running 41 tests from 8 test suites.
[----------] Global test environment set-up.
[----------] 6 tests from VertexTest
[ RUN      ] VertexTest.TestName
[       OK ] VertexTest.TestName (0 ms)
[ RUN      ] VertexTest.TestID
[       OK ] VertexTest.TestID (0 ms)
[ RUN      ] VertexTest.TestSettlement
[       OK ] VertexTest.TestSettlement (0 ms)
[ RUN      ] VertexTest.TestFriend
[       OK ] VertexTest.TestFriend (0 ms)
[ RUN      ] VertexTest.TestCoordinates
[       OK ] VertexTest.TestCoordinates (0 ms)
[ RUN      ] VertexTest.TestAmenities
[       OK ] VertexTest.TestAmenities (0 ms)
[----------] 6 tests from VertexTest (0 ms total)

[----------] 1 test from VertexTest2
[ RUN      ] VertexTest2.FullInstantiation
[       OK ] VertexTest2.FullInstantiation (0 ms)
[----------] 1 test from VertexTest2 (0 ms total)

[----------] 8 tests from RoutePlannerUtilsTest
[ RUN      ] RoutePlannerUtilsTest.GetRandomNumber
[       OK ] RoutePlannerUtilsTest.GetRandomNumber (1 ms)
[ RUN      ] RoutePlannerUtilsTest.MinToHour
[       OK ] RoutePlannerUtilsTest.MinToHour (0 ms)
[ RUN      ] RoutePlannerUtilsTest.CharToIndex
[       OK ] RoutePlannerUtilsTest.CharToIndex (0 ms)
[ RUN      ] RoutePlannerUtilsTest.IndexToChar
[       OK ] RoutePlannerUtilsTest.IndexToChar (0 ms)
[ RUN      ] RoutePlannerUtilsTest.enum2Str
[       OK ] RoutePlannerUtilsTest.enum2Str (0 ms)
[ RUN      ] RoutePlannerUtilsTest.ContainsNonAlpha
[       OK ] RoutePlannerUtilsTest.ContainsNonAlpha (0 ms)
[ RUN      ] RoutePlannerUtilsTest.MakeLowerCase
[       OK ] RoutePlannerUtilsTest.MakeLowerCase (0 ms)
[ RUN      ] RoutePlannerUtilsTest.MakeSentenceCase
[       OK ] RoutePlannerUtilsTest.MakeSentenceCase (0 ms)
[----------] 8 tests from RoutePlannerUtilsTest (2 ms total)

[----------] 11 tests from GraphTest
[ RUN      ] GraphTest.TestDefaultValues
[       OK ] GraphTest.TestDefaultValues (0 ms)
[ RUN      ] GraphTest.TestAddVertex
[       OK ] GraphTest.TestAddVertex (0 ms)
[ RUN      ] GraphTest.TestAddVertex2
[       OK ] GraphTest.TestAddVertex2 (0 ms)
[ RUN      ] GraphTest.GetVertexPointer
[       OK ] GraphTest.GetVertexPointer (0 ms)
[ RUN      ] GraphTest.AddEdge
[       OK ] GraphTest.AddEdge (0 ms)
[ RUN      ] GraphTest.AddEdges
[       OK ] GraphTest.AddEdges (0 ms)
[ RUN      ] GraphTest.GetCost
[       OK ] GraphTest.GetCost (0 ms)
[ RUN      ] GraphTest.GetAdjacentVert1
[       OK ] GraphTest.GetAdjacentVert1 (0 ms)
[ RUN      ] GraphTest.GetAdjacentVert2
[       OK ] GraphTest.GetAdjacentVert2 (0 ms)
[ RUN      ] GraphTest.GetAdjacentVert3
[       OK ] GraphTest.GetAdjacentVert3 (0 ms)
[ RUN      ] GraphTest.GetAdjacentVert4
[       OK ] GraphTest.GetAdjacentVert4 (0 ms)
[----------] 11 tests from GraphTest (6 ms total)

[----------] 4 tests from DijkstraTest
[ RUN      ] DijkstraTest.TestGetPaths_TimeCost
[       OK ] DijkstraTest.TestGetPaths_TimeCost (0 ms)
[ RUN      ] DijkstraTest.TestGetPaths_DistCost
[       OK ] DijkstraTest.TestGetPaths_DistCost (0 ms)
[ RUN      ] DijkstraTest.TestReconstructPaths_TimeCost
[       OK ] DijkstraTest.TestReconstructPaths_TimeCost (0 ms)
[ RUN      ] DijkstraTest.TestReconstructPaths_DistCost
[       OK ] DijkstraTest.TestReconstructPaths_DistCost (0 ms)
[----------] 4 tests from DijkstraTest (1 ms total)

[----------] 5 tests from PrefixTreeTest
[ RUN      ] PrefixTreeTest.TestInsert
[       OK ] PrefixTreeTest.TestInsert (0 ms)
[ RUN      ] PrefixTreeTest.TestSearch
[       OK ] PrefixTreeTest.TestSearch (0 ms)
[ RUN      ] PrefixTreeTest.TestFindAll
[       OK ] PrefixTreeTest.TestFindAll (0 ms)
[ RUN      ] PrefixTreeTest.TestFindAllV
[       OK ] PrefixTreeTest.TestFindAllV (0 ms)
[ RUN      ] PrefixTreeTest.TestFindAllStart
[       OK ] PrefixTreeTest.TestFindAllStart (0 ms)
[----------] 5 tests from PrefixTreeTest (1 ms total)

[----------] 3 tests from PrimTest
[ RUN      ] PrimTest.Test1
[       OK ] PrimTest.Test1 (0 ms)
[ RUN      ] PrimTest.Test2
[       OK ] PrimTest.Test2 (0 ms)
[ RUN      ] PrimTest.Test3
[       OK ] PrimTest.Test3 (0 ms)
[----------] 3 tests from PrimTest (2 ms total)

[----------] 3 tests from GeneratorTest
[ RUN      ] GeneratorTest.TestNumSettlements
[       OK ] GeneratorTest.TestNumSettlements (2 ms)
[ RUN      ] GeneratorTest.TestNumRoads
[       OK ] GeneratorTest.TestNumRoads (2 ms)
[ RUN      ] GeneratorTest.TestPlaceAttributes
[       OK ] GeneratorTest.TestPlaceAttributes (2 ms)
[----------] 3 tests from GeneratorTest (8 ms total)

[----------] Global test environment tear-down
[==========] 41 tests from 8 test suites ran. (23 ms total)
[  PASSED  ] 41 tests.
